11:00:43 INFO  : Registering command handlers for SDK TCF services
11:00:44 INFO  : Launching XSCT server: xsct.bat -interactive V:\software\m1_for_arty_s7\sdk_workspace\temp_xsdb_launch_script.tcl
11:00:49 INFO  : XSCT server has started successfully.
11:00:52 INFO  : Successfully done setting XSCT server connection channel  
11:00:52 INFO  : Processing command line option -hwspec V:/software/m1_for_arty_s7_wrapper.hdf.
11:00:52 INFO  : ***** MYVIVADO is set to 'C:\Xilinx\Vivado\2017.4\patches\AR70530\vivado' *****
11:00:52 INFO  : Successfully done setting SDK workspace  
11:06:22 INFO  : Saving repository preferences.
11:06:22 INFO  : Reading in cores from global repositories: 
		 V:\vivado\Arm_sw_repository
11:06:22 INFO  : Cleaning BSP projects in the workspace.
11:36:08 INFO  : SDK has detected change in the last modified timestamps for source hardware specification file Source:1565692563988,  Project:1544444551000
11:36:08 INFO  : Project m1_for_arty_s7_wrapper_hw_platform_0's source hardware specification located at V:/software/m1_for_arty_s7_wrapper.hdf is now different from the local copy.
		 The local copy will be replaced with the source specification and your workspace will be updated.
11:36:17 INFO  : Copied contents of V:/software/m1_for_arty_s7_wrapper.hdf into \m1_for_arty_s7_wrapper_hw_platform_0\system.hdf.
11:36:17 INFO  : Synchronizing projects in the workspace with the hardware platform specification changes.
11:36:18 INFO  : Clearing existing target manager status.
11:36:18 INFO  : Workspace synchronized with the new hardware specification file. Cleaning dependent projects...
11:36:18 WARN  : Linker script will not be updated automatically. Users need to update it manually.
14:31:32 INFO  : Launching XSCT server: xsct.bat -interactive V:\software\m1_for_arty_s7\sdk_workspace\temp_xsdb_launch_script.tcl
14:31:36 INFO  : XSCT server has started successfully.
14:31:36 INFO  : Successfully done setting XSCT server connection channel  
14:31:38 INFO  : Successfully done setting SDK workspace  
14:31:38 INFO  : Restoring global repository preferences: 
		 V:\vivado\Arm_sw_repository
14:31:44 INFO  : Registering command handlers for SDK TCF services
14:31:44 INFO  : Processing command line option -hwspec V:/software/m1_for_arty_s7_wrapper.hdf.
14:31:44 INFO  : ***** MYVIVADO is set to 'C:\Xilinx\Vivado\2017.4\patches\AR70530\vivado' *****
14:31:45 INFO  : Checking for hwspec changes in the project m1_for_arty_s7_wrapper_hw_platform_0.
14:31:45 INFO  : SDK has detected change in the last modified timestamps for source hardware specification file Source:1565703010374,  Project:1565692563988
14:31:45 INFO  : The hardware specification for project 'm1_for_arty_s7_wrapper_hw_platform_0' is different from V:/software/m1_for_arty_s7_wrapper.hdf.
14:31:45 INFO  : Copied contents of V:/software/m1_for_arty_s7_wrapper.hdf into \m1_for_arty_s7_wrapper_hw_platform_0\system.hdf.
14:31:47 INFO  : Synchronizing projects in the workspace with the hardware platform specification changes.
14:31:49 INFO  : 
14:31:51 INFO  : BSP Project P/standalone_bsp_0 has been successfully migrated.
14:32:10 INFO  : Clearing existing target manager status.
14:32:10 INFO  : Closing and re-opening the MSS file of ther project standalone_bsp_0
14:32:11 INFO  : Workspace synchronized with the new hardware specification file. Cleaning dependent projects...
14:32:12 WARN  : Linker script will not be updated automatically. Users need to update it manually.
14:35:05 INFO  : SDK has detected change in the last modified timestamps for source hardware specification file Source:1565703303897,  Project:1565703010374
14:35:05 INFO  : Project m1_for_arty_s7_wrapper_hw_platform_0's source hardware specification located at V:/software/m1_for_arty_s7_wrapper.hdf is now different from the local copy.
		 The local copy will be replaced with the source specification and your workspace will be updated.
14:35:11 INFO  : Copied contents of V:/software/m1_for_arty_s7_wrapper.hdf into \m1_for_arty_s7_wrapper_hw_platform_0\system.hdf.
14:35:12 INFO  : Synchronizing projects in the workspace with the hardware platform specification changes.
14:35:14 INFO  : 
14:35:15 INFO  : Clearing existing target manager status.
14:35:15 INFO  : Closing and re-opening the MSS file of ther project standalone_bsp_0
14:35:15 INFO  : Workspace synchronized with the new hardware specification file. Cleaning dependent projects...
14:35:15 WARN  : Linker script will not be updated automatically. Users need to update it manually.
